#
# There is insufficient memory for the Java Runtime Environment to continue.
# Native memory allocation (malloc) failed to allocate 885776 bytes for Chunk::new
# Possible reasons:
#   The system is out of physical RAM or swap space
#   The process is running with CompressedOops enabled, and the Java Heap may be blocking the growth of the native heap
# Possible solutions:
#   Reduce memory load on the system
#   Increase physical memory or swap space
#   Check if swap backing store is full
#   Decrease Java heap size (-Xmx/-Xms)
#   Decrease number of Java threads
#   Decrease Java thread stack sizes (-Xss)
#   Set larger code cache with -XX:ReservedCodeCacheSize=
#   JVM is running with Unscaled Compressed Oops mode in which the Java heap is
#     placed in the first 4GB address space. The Java Heap base address is the
#     maximum limit for the native heap growth. Please use -XX:HeapBaseMinAddress
#     to set the Java Heap base and to place the Java Heap above 4GB virtual address.
# This output file may be truncated or incomplete.
#
#  Out of Memory Error (arena.cpp:191), pid=21696, tid=21856
#
# JRE version: OpenJDK Runtime Environment (17.0.10) (build 17.0.10+0--11572160)
# Java VM: OpenJDK 64-Bit Server VM (17.0.10+0--11572160, mixed mode, tiered, compressed oops, compressed class ptrs, g1 gc, windows-amd64)
# No core dump will be written. Minidumps are not enabled by default on client versions of Windows
#

---------------  S U M M A R Y ------------

Command Line: --add-opens=java.base/java.util=ALL-UNNAMED --add-opens=java.base/java.lang=ALL-UNNAMED --add-opens=java.base/java.lang.invoke=ALL-UNNAMED --add-opens=java.base/java.util=ALL-UNNAMED --add-opens=java.prefs/java.util.prefs=ALL-UNNAMED --add-opens=java.prefs/java.util.prefs=ALL-UNNAMED --add-opens=java.base/java.nio.charset=ALL-UNNAMED --add-opens=java.base/java.net=ALL-UNNAMED --add-opens=java.base/java.util.concurrent.atomic=ALL-UNNAMED -Xmx1536M -Dfile.encoding=windows-1252 -Duser.country=AR -Duser.language=es -Duser.variant org.gradle.launcher.daemon.bootstrap.GradleDaemon 7.5

Host: AMD Ryzen 7 5700G with Radeon Graphics         , 16 cores, 15G,  Windows 10 , 64 bit Build 19041 (10.0.19041.3636)
Time: Tue Jul 16 19:15:59 2024 Hora estándar de Argentina elapsed time: 2.419388 seconds (0d 0h 0m 2s)

---------------  T H R E A D  ---------------

Current thread (0x000001f0e02813c0):  JavaThread "C2 CompilerThread1" daemon [_thread_in_native, id=21856, stack(0x00000087f8200000,0x00000087f8300000)]


Current CompileTask:
C2:   2419 3689   !   4       jdk.internal.loader.URLClassPath$JarLoader::getResource (354 bytes)

Stack: [0x00000087f8200000,0x00000087f8300000]
Native frames: (J=compiled Java code, j=interpreted, Vv=VM code, C=native code)
V  [jvm.dll+0x688e89]
V  [jvm.dll+0x84247a]
V  [jvm.dll+0x8440be]
V  [jvm.dll+0x844723]
V  [jvm.dll+0x24be0f]
V  [jvm.dll+0xac524]
V  [jvm.dll+0xacb6c]
V  [jvm.dll+0x36bd12]
V  [jvm.dll+0x33615a]
V  [jvm.dll+0x3355fa]
V  [jvm.dll+0x21daa1]
V  [jvm.dll+0x21cec1]
V  [jvm.dll+0x1a60ad]
V  [jvm.dll+0x22cd78]
V  [jvm.dll+0x22aeb0]
V  [jvm.dll+0x7f6917]
V  [jvm.dll+0x7f0d1a]
V  [jvm.dll+0x687d05]
C  [ucrtbase.dll+0x21bb2]
C  [KERNEL32.DLL+0x17344]
C  [ntdll.dll+0x4cc91]


---------------  P R O C E S S  ---------------

Threads class SMR info:
_java_thread_list=0x000001f0e3ba4260, length=40, elements={
0x000001f0c1d72b50, 0x000001f0db4ff630, 0x000001f0db5004b0, 0x000001f0db552900,
0x000001f0db5542d0, 0x000001f0db555ca0, 0x000001f0db556660, 0x000001f0db557350,
0x000001f0db55a020, 0x000001f0db57ab50, 0x000001f0db6f6790, 0x000001f0db6f6cb0,
0x000001f0db70c570, 0x000001f0db70e270, 0x000001f0e02813c0, 0x000001f0e0acbf80,
0x000001f0e0e47f40, 0x000001f0e10fa950, 0x000001f0e10a16d0, 0x000001f0e1dddd30,
0x000001f0e1bf9590, 0x000001f0e0e5a480, 0x000001f0e0ec0ae0, 0x000001f0e0ec05d0,
0x000001f0e0ec2e50, 0x000001f0e0ec1a10, 0x000001f0e0ec1f20, 0x000001f0e0ec3870,
0x000001f0e0ec3d80, 0x000001f0e0ec2430, 0x000001f0e293d980, 0x000001f0e0ec2940,
0x000001f0e0ec0ff0, 0x000001f0e0ec1500, 0x000001f0e355b400, 0x000001f0e355e6a0,
0x000001f0e3560a10, 0x000001f0e355c330, 0x000001f0e355d260, 0x000001f0e2391de0
}

Java Threads: ( => current thread )
  0x000001f0c1d72b50 JavaThread "main" [_thread_blocked, id=21760, stack(0x00000087f6d00000,0x00000087f6e00000)]
  0x000001f0db4ff630 JavaThread "Reference Handler" daemon [_thread_blocked, id=21788, stack(0x00000087f7400000,0x00000087f7500000)]
  0x000001f0db5004b0 JavaThread "Finalizer" daemon [_thread_blocked, id=21792, stack(0x00000087f7500000,0x00000087f7600000)]
  0x000001f0db552900 JavaThread "Signal Dispatcher" daemon [_thread_blocked, id=21796, stack(0x00000087f7600000,0x00000087f7700000)]
  0x000001f0db5542d0 JavaThread "Attach Listener" daemon [_thread_blocked, id=21800, stack(0x00000087f7700000,0x00000087f7800000)]
  0x000001f0db555ca0 JavaThread "Service Thread" daemon [_thread_blocked, id=21804, stack(0x00000087f7800000,0x00000087f7900000)]
  0x000001f0db556660 JavaThread "Monitor Deflation Thread" daemon [_thread_blocked, id=21808, stack(0x00000087f7900000,0x00000087f7a00000)]
  0x000001f0db557350 JavaThread "C2 CompilerThread0" daemon [_thread_in_native, id=21812, stack(0x00000087f7a00000,0x00000087f7b00000)]
  0x000001f0db55a020 JavaThread "C1 CompilerThread0" daemon [_thread_blocked, id=21816, stack(0x00000087f7b00000,0x00000087f7c00000)]
  0x000001f0db57ab50 JavaThread "Sweeper thread" daemon [_thread_blocked, id=21820, stack(0x00000087f7c00000,0x00000087f7d00000)]
  0x000001f0db6f6790 JavaThread "C1 CompilerThread1" daemon [_thread_blocked, id=21824, stack(0x00000087f7d00000,0x00000087f7e00000)]
  0x000001f0db6f6cb0 JavaThread "C1 CompilerThread2" daemon [_thread_blocked, id=21828, stack(0x00000087f7e00000,0x00000087f7f00000)]
  0x000001f0db70c570 JavaThread "Common-Cleaner" daemon [_thread_blocked, id=21832, stack(0x00000087f7f00000,0x00000087f8000000)]
  0x000001f0db70e270 JavaThread "Notification Thread" daemon [_thread_blocked, id=21836, stack(0x00000087f8000000,0x00000087f8100000)]
=>0x000001f0e02813c0 JavaThread "C2 CompilerThread1" daemon [_thread_in_native, id=21856, stack(0x00000087f8200000,0x00000087f8300000)]
  0x000001f0e0acbf80 JavaThread "C2 CompilerThread2" daemon [_thread_in_native, id=21860, stack(0x00000087f8300000,0x00000087f8400000)]
  0x000001f0e0e47f40 JavaThread "C1 CompilerThread3" daemon [_thread_blocked, id=21880, stack(0x00000087f8800000,0x00000087f8900000)]
  0x000001f0e10fa950 JavaThread "Daemon health stats" [_thread_blocked, id=21884, stack(0x00000087f8900000,0x00000087f8a00000)]
  0x000001f0e10a16d0 JavaThread "Incoming local TCP Connector on port 56920" [_thread_in_native, id=21892, stack(0x00000087f8a00000,0x00000087f8b00000)]
  0x000001f0e1dddd30 JavaThread "Daemon periodic checks" [_thread_blocked, id=21896, stack(0x00000087f8b00000,0x00000087f8c00000)]
  0x000001f0e1bf9590 JavaThread "Daemon" [_thread_blocked, id=21912, stack(0x00000087f8c00000,0x00000087f8d00000)]
  0x000001f0e0e5a480 JavaThread "Handler for socket connection from /127.0.0.1:56920 to /127.0.0.1:56921" [_thread_in_native, id=21916, stack(0x00000087f8d00000,0x00000087f8e00000)]
  0x000001f0e0ec0ae0 JavaThread "Cancel handler" [_thread_blocked, id=21920, stack(0x00000087f8e00000,0x00000087f8f00000)]
  0x000001f0e0ec05d0 JavaThread "Daemon worker" [_thread_in_vm, id=21924, stack(0x00000087f8f00000,0x00000087f9000000)]
  0x000001f0e0ec2e50 JavaThread "Asynchronous log dispatcher for DefaultDaemonConnection: socket connection from /127.0.0.1:56920 to /127.0.0.1:56921" [_thread_blocked, id=21936, stack(0x00000087f9000000,0x00000087f9100000)]
  0x000001f0e0ec1a10 JavaThread "Stdin handler" [_thread_blocked, id=21940, stack(0x00000087f9100000,0x00000087f9200000)]
  0x000001f0e0ec1f20 JavaThread "Daemon client event forwarder" [_thread_blocked, id=21944, stack(0x00000087f9200000,0x00000087f9300000)]
  0x000001f0e0ec3870 JavaThread "Cache worker for journal cache (C:\Users\Usuario\.gradle\caches\journal-1)" [_thread_blocked, id=21948, stack(0x00000087f9300000,0x00000087f9400000)]
  0x000001f0e0ec3d80 JavaThread "File lock request listener" [_thread_in_native, id=21952, stack(0x00000087f9400000,0x00000087f9500000)]
  0x000001f0e0ec2430 JavaThread "Cache worker for file hash cache (C:\Users\Usuario\.gradle\caches\7.5\fileHashes)" [_thread_blocked, id=22000, stack(0x00000087f9f00000,0x00000087fa000000)]
  0x000001f0e293d980 JavaThread "C2 CompilerThread3" daemon [_thread_in_native, id=22012, stack(0x00000087fa000000,0x00000087fa100000)]
  0x000001f0e0ec2940 JavaThread "File watcher server" daemon [_thread_in_native, id=22016, stack(0x00000087fa100000,0x00000087fa200000)]
  0x000001f0e0ec0ff0 JavaThread "File watcher consumer" daemon [_thread_blocked, id=22020, stack(0x00000087fa200000,0x00000087fa300000)]
  0x000001f0e0ec1500 JavaThread "Cache worker for checksums cache (C:\Proyectos\Hello-World\android\.gradle\7.5\checksums)" [_thread_blocked, id=22024, stack(0x00000087fa300000,0x00000087fa400000)]
  0x000001f0e355b400 JavaThread "Cache worker for cache directory md-rule (C:\Users\Usuario\.gradle\caches\7.5\md-rule)" [_thread_blocked, id=22028, stack(0x00000087fa400000,0x00000087fa500000)]
  0x000001f0e355e6a0 JavaThread "Cache worker for file content cache (C:\Users\Usuario\.gradle\caches\7.5\fileContent)" [_thread_blocked, id=22032, stack(0x00000087fa500000,0x00000087fa600000)]
  0x000001f0e3560a10 JavaThread "Cache worker for file hash cache (C:\Proyectos\Hello-World\android\.gradle\7.5\fileHashes)" [_thread_blocked, id=22036, stack(0x00000087fa600000,0x00000087fa700000)]
  0x000001f0e355c330 JavaThread "Cache worker for cache directory md-supplier (C:\Users\Usuario\.gradle\caches\7.5\md-supplier)" [_thread_blocked, id=22048, stack(0x00000087fa700000,0x00000087fa800000)]
  0x000001f0e355d260 JavaThread "Cache worker for execution history cache (C:\Users\Usuario\.gradle\caches\7.5\executionHistory)" [_thread_blocked, id=22052, stack(0x00000087fa800000,0x00000087fa900000)]
  0x000001f0e2391de0 JavaThread "C2 CompilerThread4" daemon [_thread_in_native, id=22192, stack(0x00000087fa900000,0x00000087faa00000)]

Other Threads:
  0x000001f0db4fcb00 VMThread "VM Thread" [stack: 0x00000087f7300000,0x00000087f7400000] [id=21784]
  0x000001f0db70a240 WatcherThread [stack: 0x00000087f8100000,0x00000087f8200000] [id=21840]
  0x000001f0c1dc00b0 GCTaskThread "GC Thread#0" [stack: 0x00000087f6e00000,0x00000087f6f00000] [id=21764]
  0x000001f0e12ad810 GCTaskThread "GC Thread#1" [stack: 0x00000087f8400000,0x00000087f8500000] [id=21864]
  0x000001f0e0bb9140 GCTaskThread "GC Thread#2" [stack: 0x00000087f8500000,0x00000087f8600000] [id=21868]
  0x000001f0e11f1f90 GCTaskThread "GC Thread#3" [stack: 0x00000087f8600000,0x00000087f8700000] [id=21872]
  0x000001f0e11f1cd0 GCTaskThread "GC Thread#4" [stack: 0x00000087f8700000,0x00000087f8800000] [id=21876]
  0x000001f0e11f2d50 GCTaskThread "GC Thread#5" [stack: 0x00000087f9500000,0x00000087f9600000] [id=21960]
  0x000001f0e11f2250 GCTaskThread "GC Thread#6" [stack: 0x00000087f9600000,0x00000087f9700000] [id=21964]
  0x000001f0e11f2510 GCTaskThread "GC Thread#7" [stack: 0x00000087f9700000,0x00000087f9800000] [id=21968]
  0x000001f0e11f27d0 GCTaskThread "GC Thread#8" [stack: 0x00000087f9800000,0x00000087f9900000] [id=21972]
  0x000001f0e11f11d0 GCTaskThread "GC Thread#9" [stack: 0x00000087f9900000,0x00000087f9a00000] [id=21976]
  0x000001f0e11f1490 GCTaskThread "GC Thread#10" [stack: 0x00000087f9a00000,0x00000087f9b00000] [id=21980]
  0x000001f0e20afb70 GCTaskThread "GC Thread#11" [stack: 0x00000087f9b00000,0x00000087f9c00000] [id=21984]
  0x000001f0e20b0bf0 GCTaskThread "GC Thread#12" [stack: 0x00000087f9c00000,0x00000087f9d00000] [id=21988]
  0x000001f0c1dcd000 ConcurrentGCThread "G1 Main Marker" [stack: 0x00000087f6f00000,0x00000087f7000000] [id=21768]
  0x000001f0c1dce1c0 ConcurrentGCThread "G1 Conc#0" [stack: 0x00000087f7000000,0x00000087f7100000] [id=21772]
  0x000001f0e20af330 ConcurrentGCThread "G1 Conc#1" [stack: 0x00000087f9d00000,0x00000087f9e00000] [id=21992]
  0x000001f0e20af070 ConcurrentGCThread "G1 Conc#2" [stack: 0x00000087f9e00000,0x00000087f9f00000] [id=21996]
  0x000001f0c1e1e050 ConcurrentGCThread "G1 Refine#0" [stack: 0x00000087f7100000,0x00000087f7200000] [id=21776]
  0x000001f0c1e1ea80 ConcurrentGCThread "G1 Service" [stack: 0x00000087f7200000,0x00000087f7300000] [id=21780]

Threads with active compile tasks:
C2 CompilerThread0     2439 3498       4       java.lang.invoke.MethodType::makeImpl (109 bytes)
C2 CompilerThread1     2440 3689   !   4       jdk.internal.loader.URLClassPath$JarLoader::getResource (354 bytes)
C2 CompilerThread2     2440 3646       4       java.util.regex.Pattern::compile (500 bytes)
C2 CompilerThread3     2440 3703   !   4       java.net.URLClassLoader::findClass (47 bytes)
C2 CompilerThread4     2440 3695   !   4       java.net.URLClassLoader$1::run (81 bytes)

VM state: not at safepoint (normal execution)

VM Mutex/Monitor currently owned by a thread: None

Heap address: 0x00000000a0000000, size: 1536 MB, Compressed Oops mode: 32-bit

CDS archive(s) not mapped
Compressed class space mapped at: 0x0000000100000000-0x0000000140000000, reserved size: 1073741824
Narrow klass base: 0x0000000000000000, Narrow klass shift: 3, Narrow klass range: 0x140000000

GC Precious Log:
 CPUs: 16 total, 16 available
 Memory: 15741M
 Large Page Support: Disabled
 NUMA Support: Disabled
 Compressed Oops: Enabled (32-bit)
 Heap Region Size: 1M
 Heap Min Capacity: 8M
 Heap Initial Capacity: 246M
 Heap Max Capacity: 1536M
 Pre-touch: Disabled
 Parallel Workers: 13
 Concurrent Workers: 3
 Concurrent Refinement Workers: 13
 Periodic GC: Disabled

Heap:
 garbage-first heap   total 97280K, used 28466K [0x00000000a0000000, 0x0000000100000000)
  region size 1024K, 5 young (5120K), 1 survivors (1024K)
 Metaspace       used 39859K, committed 40128K, reserved 1114112K
  class space    used 5204K, committed 5312K, reserved 1048576K

Heap Regions: E=young(eden), S=young(survivor), O=old, HS=humongous(starts), HC=humongous(continues), CS=collection set, F=free, OA=open archive, CA=closed archive, TAMS=top-at-mark-start (previous, next)
|   0|0x00000000a0000000, 0x00000000a0100000, 0x00000000a0100000|100%| O|  |TAMS 0x00000000a0100000, 0x00000000a0000000| Untracked 
|   1|0x00000000a0100000, 0x00000000a0200000, 0x00000000a0200000|100%| O|  |TAMS 0x00000000a0200000, 0x00000000a0100000| Untracked 
|   2|0x00000000a0200000, 0x00000000a0300000, 0x00000000a0300000|100%| O|  |TAMS 0x00000000a0300000, 0x00000000a0200000| Untracked 
|   3|0x00000000a0300000, 0x00000000a0400000, 0x00000000a0400000|100%|HS|  |TAMS 0x00000000a0400000, 0x00000000a0300000| Complete 
|   4|0x00000000a0400000, 0x00000000a0500000, 0x00000000a0500000|100%|HC|  |TAMS 0x00000000a0500000, 0x00000000a0400000| Complete 
|   5|0x00000000a0500000, 0x00000000a0600000, 0x00000000a0600000|100%|HC|  |TAMS 0x00000000a0600000, 0x00000000a0500000| Complete 
|   6|0x00000000a0600000, 0x00000000a0700000, 0x00000000a0700000|100%| O|  |TAMS 0x00000000a0700000, 0x00000000a0600000| Untracked 
|   7|0x00000000a0700000, 0x00000000a0800000, 0x00000000a0800000|100%| O|  |TAMS 0x00000000a0800000, 0x00000000a0700000| Untracked 
|   8|0x00000000a0800000, 0x00000000a0900000, 0x00000000a0900000|100%| O|  |TAMS 0x00000000a0900000, 0x00000000a0800000| Untracked 
|   9|0x00000000a0900000, 0x00000000a0a00000, 0x00000000a0a00000|100%| O|  |TAMS 0x00000000a0900000, 0x00000000a0900000| Untracked 
|  10|0x00000000a0a00000, 0x00000000a0b00000, 0x00000000a0b00000|100%| O|  |TAMS 0x00000000a0b00000, 0x00000000a0a00000| Untracked 
|  11|0x00000000a0b00000, 0x00000000a0c00000, 0x00000000a0c00000|100%| O|  |TAMS 0x00000000a0c00000, 0x00000000a0b00000| Untracked 
|  12|0x00000000a0c00000, 0x00000000a0d00000, 0x00000000a0d00000|100%| O|  |TAMS 0x00000000a0d00000, 0x00000000a0c00000| Untracked 
|  13|0x00000000a0d00000, 0x00000000a0e00000, 0x00000000a0e00000|100%| O|  |TAMS 0x00000000a0e00000, 0x00000000a0d00000| Untracked 
|  14|0x00000000a0e00000, 0x00000000a0f00000, 0x00000000a0f00000|100%| O|  |TAMS 0x00000000a0f00000, 0x00000000a0e00000| Untracked 
|  15|0x00000000a0f00000, 0x00000000a1000000, 0x00000000a1000000|100%| O|  |TAMS 0x00000000a1000000, 0x00000000a0f00000| Untracked 
|  16|0x00000000a1000000, 0x00000000a1100000, 0x00000000a1100000|100%| O|  |TAMS 0x00000000a1100000, 0x00000000a1000000| Untracked 
|  17|0x00000000a1100000, 0x00000000a1200000, 0x00000000a1200000|100%| O|  |TAMS 0x00000000a1200000, 0x00000000a1100000| Untracked 
|  18|0x00000000a1200000, 0x00000000a1300000, 0x00000000a1300000|100%| O|  |TAMS 0x00000000a1300000, 0x00000000a1200000| Untracked 
|  19|0x00000000a1300000, 0x00000000a1400000, 0x00000000a1400000|100%| O|  |TAMS 0x00000000a1300000, 0x00000000a1300000| Untracked 
|  20|0x00000000a1400000, 0x00000000a1500000, 0x00000000a1500000|100%| O|  |TAMS 0x00000000a1400000, 0x00000000a1400000| Untracked 
|  21|0x00000000a1500000, 0x00000000a1600000, 0x00000000a1600000|100%| O|  |TAMS 0x00000000a1500000, 0x00000000a1500000| Untracked 
|  22|0x00000000a1600000, 0x00000000a1600000, 0x00000000a1700000|  0%| F|  |TAMS 0x00000000a1600000, 0x00000000a1600000| Untracked 
|  23|0x00000000a1700000, 0x00000000a1800000, 0x00000000a1800000|100%| O|  |TAMS 0x00000000a1700000, 0x00000000a1700000| Untracked 
|  24|0x00000000a1800000, 0x00000000a1900000, 0x00000000a1900000|100%| O|  |TAMS 0x00000000a1800000, 0x00000000a1800000| Untracked 
|  25|0x00000000a1900000, 0x00000000a1963000, 0x00000000a1a00000| 38%| O|  |TAMS 0x00000000a1900000, 0x00000000a1900000| Untracked 
|  26|0x00000000a1a00000, 0x00000000a1a00000, 0x00000000a1b00000|  0%| F|  |TAMS 0x00000000a1a00000, 0x00000000a1a00000| Untracked 
|  27|0x00000000a1b00000, 0x00000000a1b00000, 0x00000000a1c00000|  0%| F|  |TAMS 0x00000000a1b00000, 0x00000000a1b00000| Untracked 
|  28|0x00000000a1c00000, 0x00000000a1c00000, 0x00000000a1d00000|  0%| F|  |TAMS 0x00000000a1c00000, 0x00000000a1c00000| Untracked 
|  29|0x00000000a1d00000, 0x00000000a1d00000, 0x00000000a1e00000|  0%| F|  |TAMS 0x00000000a1d00000, 0x00000000a1d00000| Untracked 
|  30|0x00000000a1e00000, 0x00000000a1e00000, 0x00000000a1f00000|  0%| F|  |TAMS 0x00000000a1e00000, 0x00000000a1e00000| Untracked 
|  31|0x00000000a1f00000, 0x00000000a1f00000, 0x00000000a2000000|  0%| F|  |TAMS 0x00000000a1f00000, 0x00000000a1f00000| Untracked 
|  32|0x00000000a2000000, 0x00000000a2000000, 0x00000000a2100000|  0%| F|  |TAMS 0x00000000a2000000, 0x00000000a2000000| Untracked 
|  33|0x00000000a2100000, 0x00000000a2100000, 0x00000000a2200000|  0%| F|  |TAMS 0x00000000a2100000, 0x00000000a2100000| Untracked 
|  34|0x00000000a2200000, 0x00000000a2200000, 0x00000000a2300000|  0%| F|  |TAMS 0x00000000a2200000, 0x00000000a2200000| Untracked 
|  35|0x00000000a2300000, 0x00000000a2300000, 0x00000000a2400000|  0%| F|  |TAMS 0x00000000a2300000, 0x00000000a2300000| Untracked 
|  36|0x00000000a2400000, 0x00000000a2400000, 0x00000000a2500000|  0%| F|  |TAMS 0x00000000a2400000, 0x00000000a2400000| Untracked 
|  37|0x00000000a2500000, 0x00000000a2500000, 0x00000000a2600000|  0%| F|  |TAMS 0x00000000a2500000, 0x00000000a2500000| Untracked 
|  38|0x00000000a2600000, 0x00000000a2600000, 0x00000000a2700000|  0%| F|  |TAMS 0x00000000a2600000, 0x00000000a2600000| Untracked 
|  39|0x00000000a2700000, 0x00000000a2700000, 0x00000000a2800000|  0%| F|  |TAMS 0x00000000a2700000, 0x00000000a2700000| Untracked 
|  40|0x00000000a2800000, 0x00000000a2800000, 0x00000000a2900000|  0%| F|  |TAMS 0x00000000a2800000, 0x00000000a2800000| Untracked 
|  41|0x00000000a2900000, 0x00000000a2900000, 0x00000000a2a00000|  0%| F|  |TAMS 0x00000000a2900000, 0x00000000a2900000| Untracked 
|  42|0x00000000a2a00000, 0x00000000a2a00000, 0x00000000a2b00000|  0%| F|  |TAMS 0x00000000a2a00000, 0x00000000a2a00000| Untracked 
|  43|0x00000000a2b00000, 0x00000000a2b00000, 0x00000000a2c00000|  0%| F|  |TAMS 0x00000000a2b00000, 0x00000000a2b00000| Untracked 
|  44|0x00000000a2c00000, 0x00000000a2c00000, 0x00000000a2d00000|  0%| F|  |TAMS 0x00000000a2c00000, 0x00000000a2c00000| Untracked 
|  45|0x00000000a2d00000, 0x00000000a2d00000, 0x00000000a2e00000|  0%| F|  |TAMS 0x00000000a2d00000, 0x00000000a2d00000| Untracked 
|  46|0x00000000a2e00000, 0x00000000a2e00000, 0x00000000a2f00000|  0%| F|  |TAMS 0x00000000a2e00000, 0x00000000a2e00000| Untracked 
|  47|0x00000000a2f00000, 0x00000000a2f00000, 0x00000000a3000000|  0%| F|  |TAMS 0x00000000a2f00000, 0x00000000a2f00000| Untracked 
|  48|0x00000000a3000000, 0x00000000a3000000, 0x00000000a3100000|  0%| F|  |TAMS 0x00000000a3000000, 0x00000000a3000000| Untracked 
|  49|0x00000000a3100000, 0x00000000a3100000, 0x00000000a3200000|  0%| F|  |TAMS 0x00000000a3100000, 0x00000000a3100000| Untracked 
|  50|0x00000000a3200000, 0x00000000a3200000, 0x00000000a3300000|  0%| F|  |TAMS 0x00000000a3200000, 0x00000000a3200000| Untracked 
|  51|0x00000000a3300000, 0x00000000a3300000, 0x00000000a3400000|  0%| F|  |TAMS 0x00000000a3300000, 0x00000000a3300000| Untracked 
|  52|0x00000000a3400000, 0x00000000a3400000, 0x00000000a3500000|  0%| F|  |TAMS 0x00000000a3400000, 0x00000000a3400000| Untracked 
|  53|0x00000000a3500000, 0x00000000a3500000, 0x00000000a3600000|  0%| F|  |TAMS 0x00000000a3500000, 0x00000000a3500000| Untracked 
|  54|0x00000000a3600000, 0x00000000a3600000, 0x00000000a3700000|  0%| F|  |TAMS 0x00000000a3600000, 0x00000000a3600000| Untracked 
|  55|0x00000000a3700000, 0x00000000a3700000, 0x00000000a3800000|  0%| F|  |TAMS 0x00000000a3700000, 0x00000000a3700000| Untracked 
|  56|0x00000000a3800000, 0x00000000a3800000, 0x00000000a3900000|  0%| F|  |TAMS 0x00000000a3800000, 0x00000000a3800000| Untracked 
|  57|0x00000000a3900000, 0x00000000a3900000, 0x00000000a3a00000|  0%| F|  |TAMS 0x00000000a3900000, 0x00000000a3900000| Untracked 
|  58|0x00000000a3a00000, 0x00000000a3a00000, 0x00000000a3b00000|  0%| F|  |TAMS 0x00000000a3a00000, 0x00000000a3a00000| Untracked 
|  59|0x00000000a3b00000, 0x00000000a3b00000, 0x00000000a3c00000|  0%| F|  |TAMS 0x00000000a3b00000, 0x00000000a3b00000| Untracked 
|  60|0x00000000a3c00000, 0x00000000a3c00000, 0x00000000a3d00000|  0%| F|  |TAMS 0x00000000a3c00000, 0x00000000a3c00000| Untracked 
|  61|0x00000000a3d00000, 0x00000000a3d00000, 0x00000000a3e00000|  0%| F|  |TAMS 0x00000000a3d00000, 0x00000000a3d00000| Untracked 
|  62|0x00000000a3e00000, 0x00000000a3e00000, 0x00000000a3f00000|  0%| F|  |TAMS 0x00000000a3e00000, 0x00000000a3e00000| Untracked 
|  63|0x00000000a3f00000, 0x00000000a3f00000, 0x00000000a4000000|  0%| F|  |TAMS 0x00000000a3f00000, 0x00000000a3f00000| Untracked 
|  64|0x00000000a4000000, 0x00000000a4000000, 0x00000000a4100000|  0%| F|  |TAMS 0x00000000a4000000, 0x00000000a4000000| Untracked 
|  65|0x00000000a4100000, 0x00000000a4100000, 0x00000000a4200000|  0%| F|  |TAMS 0x00000000a4100000, 0x00000000a4100000| Untracked 
|  66|0x00000000a4200000, 0x00000000a4200000, 0x00000000a4300000|  0%| F|  |TAMS 0x00000000a4200000, 0x00000000a4200000| Untracked 
|  67|0x00000000a4300000, 0x00000000a4300000, 0x00000000a4400000|  0%| F|  |TAMS 0x00000000a4300000, 0x00000000a4300000| Untracked 
|  68|0x00000000a4400000, 0x00000000a4400000, 0x00000000a4500000|  0%| F|  |TAMS 0x00000000a4400000, 0x00000000a4400000| Untracked 
|  69|0x00000000a4500000, 0x00000000a4500000, 0x00000000a4600000|  0%| F|  |TAMS 0x00000000a4500000, 0x00000000a4500000| Untracked 
|  70|0x00000000a4600000, 0x00000000a4600000, 0x00000000a4700000|  0%| F|  |TAMS 0x00000000a4600000, 0x00000000a4600000| Untracked 
|  71|0x00000000a4700000, 0x00000000a4700000, 0x00000000a4800000|  0%| F|  |TAMS 0x00000000a4700000, 0x00000000a4700000| Untracked 
|  72|0x00000000a4800000, 0x00000000a4800000, 0x00000000a4900000|  0%| F|  |TAMS 0x00000000a4800000, 0x00000000a4800000| Untracked 
|  73|0x00000000a4900000, 0x00000000a4900000, 0x00000000a4a00000|  0%| F|  |TAMS 0x00000000a4900000, 0x00000000a4900000| Untracked 
|  74|0x00000000a4a00000, 0x00000000a4a00000, 0x00000000a4b00000|  0%| F|  |TAMS 0x00000000a4a00000, 0x00000000a4a00000| Untracked 
|  75|0x00000000a4b00000, 0x00000000a4b00000, 0x00000000a4c00000|  0%| F|  |TAMS 0x00000000a4b00000, 0x00000000a4b00000| Untracked 
|  76|0x00000000a4c00000, 0x00000000a4c00000, 0x00000000a4d00000|  0%| F|  |TAMS 0x00000000a4c00000, 0x00000000a4c00000| Untracked 
|  77|0x00000000a4d00000, 0x00000000a4d00000, 0x00000000a4e00000|  0%| F|  |TAMS 0x00000000a4d00000, 0x00000000a4d00000| Untracked 
|  78|0x00000000a4e00000, 0x00000000a4e00000, 0x00000000a4f00000|  0%| F|  |TAMS 0x00000000a4e00000, 0x00000000a4e00000| Untracked 
|  79|0x00000000a4f00000, 0x00000000a4f00000, 0x00000000a5000000|  0%| F|  |TAMS 0x00000000a4f00000, 0x00000000a4f00000| Untracked 
|  80|0x00000000a5000000, 0x00000000a5000000, 0x00000000a5100000|  0%| F|  |TAMS 0x00000000a5000000, 0x00000000a5000000| Untracked 
|  81|0x00000000a5100000, 0x00000000a5100000, 0x00000000a5200000|  0%| F|  |TAMS 0x00000000a5100000, 0x00000000a5100000| Untracked 
|  82|0x00000000a5200000, 0x00000000a5200000, 0x00000000a5300000|  0%| F|  |TAMS 0x00000000a5200000, 0x00000000a5200000| Untracked 
|  83|0x00000000a5300000, 0x00000000a5300000, 0x00000000a5400000|  0%| F|  |TAMS 0x00000000a5300000, 0x00000000a5300000| Untracked 
|  84|0x00000000a5400000, 0x00000000a5400000, 0x00000000a5500000|  0%| F|  |TAMS 0x00000000a5400000, 0x00000000a5400000| Untracked 
| 194|0x00000000ac200000, 0x00000000ac200000, 0x00000000ac300000|  0%| F|  |TAMS 0x00000000ac200000, 0x00000000ac200000| Untracked 
| 195|0x00000000ac300000, 0x00000000ac300000, 0x00000000ac400000|  0%| F|  |TAMS 0x00000000ac300000, 0x00000000ac300000| Untracked 
| 196|0x00000000ac400000, 0x00000000ac400000, 0x00000000ac500000|  0%| F|  |TAMS 0x00000000ac400000, 0x00000000ac400000| Untracked 
| 197|0x00000000ac500000, 0x00000000ac500000, 0x00000000ac600000|  0%| F|  |TAMS 0x00000000ac500000, 0x00000000ac500000| Untracked 
| 198|0x00000000ac600000, 0x00000000ac600000, 0x00000000ac700000|  0%| F|  |TAMS 0x00000000ac600000, 0x00000000ac600000| Untracked 
| 199|0x00000000ac700000, 0x00000000ac7ee2e0, 0x00000000ac800000| 93%| E|  |TAMS 0x00000000ac700000, 0x00000000ac700000| Complete 
| 200|0x00000000ac800000, 0x00000000ac900000, 0x00000000ac900000|100%| E|CS|TAMS 0x00000000ac800000, 0x00000000ac800000| Complete 
| 201|0x00000000ac900000, 0x00000000aca00000, 0x00000000aca00000|100%| E|CS|TAMS 0x00000000ac900000, 0x00000000ac900000| Complete 
| 202|0x00000000aca00000, 0x00000000aca69900, 0x00000000acb00000| 41%| S|CS|TAMS 0x00000000aca00000, 0x00000000aca00000| Complete 
| 245|0x00000000af500000, 0x00000000af600000, 0x00000000af600000|100%| E|CS|TAMS 0x00000000af500000, 0x00000000af500000| Complete 

Card table byte_map: [0x000001f0d4dc0000,0x000001f0d50c0000] _byte_map_base: 0x000001f0d48c0000

Marking Bits (Prev, Next): (CMBitMap*) 0x000001f0c1dc06d0, (CMBitMap*) 0x000001f0c1dc0710
 Prev Bits: [0x000001f0d53c0000, 0x000001f0d6bc0000)
 Next Bits: [0x000001f0d6bc0000, 0x000001f0d83c0000)

Polling page: 0x000001f0bfc90000

Metaspace:

Usage:
  Non-class:     33.92 MB used.
      Class:      5.08 MB used.
       Both:     39.01 MB used.

Virtual space:
  Non-class space:       64.00 MB reserved,      34.12 MB ( 53%) committed,  1 nodes.
      Class space:        1.00 GB reserved,       5.19 MB ( <1%) committed,  1 nodes.
             Both:        1.06 GB reserved,      39.31 MB (  4%) committed. 

Chunk freelists:
   Non-Class:  13.36 MB
       Class:  10.82 MB
        Both:  24.18 MB

MaxMetaspaceSize: unlimited
CompressedClassSpaceSize: 1.00 GB
Initial GC threshold: 21.00 MB
Current GC threshold: 59.31 MB
CDS: off
MetaspaceReclaimPolicy: balanced
 - commit_granule_bytes: 65536.
 - commit_granule_words: 8192.
 - virtual_space_node_default_size: 8388608.
 - enlarge_chunks_in_place: 1.
 - new_chunks_are_fully_committed: 0.
 - uncommit_free_chunks: 1.
 - use_allocation_guard: 0.
 - handle_deallocations: 1.


Internal statistics:

num_allocs_failed_limit: 9.
num_arena_births: 262.
num_arena_deaths: 0.
num_vsnodes_births: 2.
num_vsnodes_deaths: 0.
num_space_committed: 629.
num_space_uncommitted: 0.
num_chunks_returned_to_freelist: 9.
num_chunks_taken_from_freelist: 1303.
num_chunk_merges: 3.
num_chunk_splits: 877.
num_chunks_enlarged: 659.
num_inconsistent_stats: 0.

CodeHeap 'non-profiled nmethods': size=119168Kb used=1961Kb max_used=1961Kb free=117206Kb
 bounds [0x000001f0ccde0000, 0x000001f0cd050000, 0x000001f0d4240000]
CodeHeap 'profiled nmethods': size=119104Kb used=7780Kb max_used=7780Kb free=111324Kb
 bounds [0x000001f0c5240000, 0x000001f0c59e0000, 0x000001f0cc690000]
CodeHeap 'non-nmethods': size=7488Kb used=3274Kb max_used=3326Kb free=4213Kb
 bounds [0x000001f0cc690000, 0x000001f0cc9e0000, 0x000001f0ccde0000]
 total_blobs=4372 nmethods=3720 adapters=561
 compilation: enabled
              stopped_count=0, restarted_count=0
 full_count=0

Compilation events (20 events):
Event: 2.381 Thread 0x000001f0e293d980 3696   !   4       jdk.internal.ref.PhantomCleanable::remove (60 bytes)
Event: 2.381 Thread 0x000001f0db6f6cb0 nmethod 3698 0x000001f0c59bb910 code [0x000001f0c59bbbc0, 0x000001f0c59bc808]
Event: 2.381 Thread 0x000001f0db6f6790 nmethod 3699 0x000001f0c59bce90 code [0x000001f0c59bd100, 0x000001f0c59bda78]
Event: 2.382 Thread 0x000001f0db6f6790 3701       3       sun.nio.fs.WindowsPath::toWindowsPath (32 bytes)
Event: 2.382 Thread 0x000001f0db6f6790 nmethod 3701 0x000001f0c59bdd90 code [0x000001f0c59bdf60, 0x000001f0c59be418]
Event: 2.382 Thread 0x000001f0e0e47f40 nmethod 3700 0x000001f0c59be590 code [0x000001f0c59be8c0, 0x000001f0c59bfea8]
Event: 2.383 Thread 0x000001f0e0e47f40 3702       3       java.lang.ClassLoader::getClassLoadingLock (35 bytes)
Event: 2.383 Thread 0x000001f0e0e47f40 nmethod 3702 0x000001f0c59c0790 code [0x000001f0c59c0940, 0x000001f0c59c0c28]
Event: 2.383 Thread 0x000001f0e293d980 nmethod 3696 0x000001f0ccfc7590 code [0x000001f0ccfc7720, 0x000001f0ccfc7c18]
Event: 2.383 Thread 0x000001f0e293d980 3697  s    4       jdk.internal.loader.Resource::cachedInputStream (20 bytes)
Event: 2.385 Thread 0x000001f0db6f6790 3704   !   3       java.net.URLClassLoader::defineClass (224 bytes)
Event: 2.386 Thread 0x000001f0e293d980 nmethod 3697 0x000001f0ccfc7d90 code [0x000001f0ccfc7f40, 0x000001f0ccfc8638]
Event: 2.386 Thread 0x000001f0e293d980 3705       4       jdk.internal.loader.URLClassPath::getResource (74 bytes)
Event: 2.387 Thread 0x000001f0db6f6790 nmethod 3704 0x000001f0c59c0d90 code [0x000001f0c59c11a0, 0x000001f0c59c2d98]
Event: 2.398 Thread 0x000001f0db55a020 3706       1       java.util.concurrent.CopyOnWriteArrayList::getArray (5 bytes)
Event: 2.398 Thread 0x000001f0db55a020 nmethod 3706 0x000001f0ccfc9d10 code [0x000001f0ccfc9ea0, 0x000001f0ccfc9f78]
Event: 2.399 Thread 0x000001f0e293d980 nmethod 3705 0x000001f0ccfc8910 code [0x000001f0ccfc8ba0, 0x000001f0ccfc9548]
Event: 2.399 Thread 0x000001f0e293d980 3703   !   4       java.net.URLClassLoader::findClass (47 bytes)
Event: 2.408 Thread 0x000001f0db55a020 3707   !   3       jdk.internal.loader.Resource::getBytes (244 bytes)
Event: 2.409 Thread 0x000001f0db55a020 nmethod 3707 0x000001f0c59c3790 code [0x000001f0c59c3a80, 0x000001f0c59c4ea8]

GC Heap History (18 events):
Event: 0.512 GC heap before
{Heap before GC invocations=0 (full 0):
 garbage-first heap   total 251904K, used 28672K [0x00000000a0000000, 0x0000000100000000)
  region size 1024K, 23 young (23552K), 0 survivors (0K)
 Metaspace       used 10309K, committed 10496K, reserved 1114112K
  class space    used 1063K, committed 1152K, reserved 1048576K
}
Event: 0.515 GC heap after
{Heap after GC invocations=1 (full 0):
 garbage-first heap   total 251904K, used 9072K [0x00000000a0000000, 0x0000000100000000)
  region size 1024K, 3 young (3072K), 3 survivors (3072K)
 Metaspace       used 10309K, committed 10496K, reserved 1114112K
  class space    used 1063K, committed 1152K, reserved 1048576K
}
Event: 0.724 GC heap before
{Heap before GC invocations=1 (full 0):
 garbage-first heap   total 251904K, used 39792K [0x00000000a0000000, 0x0000000100000000)
  region size 1024K, 32 young (32768K), 3 survivors (3072K)
 Metaspace       used 11287K, committed 11456K, reserved 1114112K
  class space    used 1167K, committed 1280K, reserved 1048576K
}
Event: 0.726 GC heap after
{Heap after GC invocations=2 (full 0):
 garbage-first heap   total 251904K, used 13203K [0x00000000a0000000, 0x0000000100000000)
  region size 1024K, 4 young (4096K), 4 survivors (4096K)
 Metaspace       used 11287K, committed 11456K, reserved 1114112K
  class space    used 1167K, committed 1280K, reserved 1048576K
}
Event: 1.322 GC heap before
{Heap before GC invocations=2 (full 0):
 garbage-first heap   total 251904K, used 52115K [0x00000000a0000000, 0x0000000100000000)
  region size 1024K, 43 young (44032K), 4 survivors (4096K)
 Metaspace       used 21248K, committed 21504K, reserved 1114112K
  class space    used 2530K, committed 2624K, reserved 1048576K
}
Event: 1.325 GC heap after
{Heap after GC invocations=3 (full 0):
 garbage-first heap   total 251904K, used 17550K [0x00000000a0000000, 0x0000000100000000)
  region size 1024K, 9 young (9216K), 9 survivors (9216K)
 Metaspace       used 21248K, committed 21504K, reserved 1114112K
  class space    used 2530K, committed 2624K, reserved 1048576K
}
Event: 1.640 GC heap before
{Heap before GC invocations=4 (full 0):
 garbage-first heap   total 65536K, used 49294K [0x00000000a0000000, 0x0000000100000000)
  region size 1024K, 42 young (43008K), 9 survivors (9216K)
 Metaspace       used 26716K, committed 27008K, reserved 1114112K
  class space    used 3460K, committed 3584K, reserved 1048576K
}
Event: 1.643 GC heap after
{Heap after GC invocations=5 (full 0):
 garbage-first heap   total 65536K, used 19830K [0x00000000a0000000, 0x0000000100000000)
  region size 1024K, 3 young (3072K), 3 survivors (3072K)
 Metaspace       used 26716K, committed 27008K, reserved 1114112K
  class space    used 3460K, committed 3584K, reserved 1048576K
}
Event: 1.658 GC heap before
{Heap before GC invocations=5 (full 0):
 garbage-first heap   total 65536K, used 20854K [0x00000000a0000000, 0x0000000100000000)
  region size 1024K, 4 young (4096K), 3 survivors (3072K)
 Metaspace       used 26934K, committed 27200K, reserved 1114112K
  class space    used 3488K, committed 3584K, reserved 1048576K
}
Event: 1.660 GC heap after
{Heap after GC invocations=6 (full 0):
 garbage-first heap   total 65536K, used 19939K [0x00000000a0000000, 0x0000000100000000)
  region size 1024K, 1 young (1024K), 1 survivors (1024K)
 Metaspace       used 26934K, committed 27200K, reserved 1114112K
  class space    used 3488K, committed 3584K, reserved 1048576K
}
Event: 1.921 GC heap before
{Heap before GC invocations=6 (full 0):
 garbage-first heap   total 65536K, used 45539K [0x00000000a0000000, 0x0000000100000000)
  region size 1024K, 26 young (26624K), 1 survivors (1024K)
 Metaspace       used 30813K, committed 31104K, reserved 1114112K
  class space    used 4113K, committed 4288K, reserved 1048576K
}
Event: 1.923 GC heap after
{Heap after GC invocations=7 (full 0):
 garbage-first heap   total 65536K, used 20744K [0x00000000a0000000, 0x0000000100000000)
  region size 1024K, 2 young (2048K), 2 survivors (2048K)
 Metaspace       used 30813K, committed 31104K, reserved 1114112K
  class space    used 4113K, committed 4288K, reserved 1048576K
}
Event: 2.161 GC heap before
{Heap before GC invocations=7 (full 0):
 garbage-first heap   total 65536K, used 45320K [0x00000000a0000000, 0x0000000100000000)
  region size 1024K, 27 young (27648K), 2 survivors (2048K)
 Metaspace       used 35714K, committed 35968K, reserved 1114112K
  class space    used 4706K, committed 4800K, reserved 1048576K
}
Event: 2.163 GC heap after
{Heap after GC invocations=8 (full 0):
 garbage-first heap   total 65536K, used 22846K [0x00000000a0000000, 0x0000000100000000)
  region size 1024K, 4 young (4096K), 4 survivors (4096K)
 Metaspace       used 35714K, committed 35968K, reserved 1114112K
  class space    used 4706K, committed 4800K, reserved 1048576K
}
Event: 2.375 GC heap before
{Heap before GC invocations=9 (full 0):
 garbage-first heap   total 65536K, used 47422K [0x00000000a0000000, 0x0000000100000000)
  region size 1024K, 29 young (29696K), 4 survivors (4096K)
 Metaspace       used 38801K, committed 39040K, reserved 1114112K
  class space    used 5066K, committed 5184K, reserved 1048576K
}
Event: 2.377 GC heap after
{Heap after GC invocations=10 (full 0):
 garbage-first heap   total 65536K, used 25713K [0x00000000a0000000, 0x0000000100000000)
  region size 1024K, 3 young (3072K), 3 survivors (3072K)
 Metaspace       used 38801K, committed 39040K, reserved 1114112K
  class space    used 5066K, committed 5184K, reserved 1048576K
}
Event: 2.399 GC heap before
{Heap before GC invocations=10 (full 0):
 garbage-first heap   total 65536K, used 26737K [0x00000000a0000000, 0x0000000100000000)
  region size 1024K, 4 young (4096K), 3 survivors (3072K)
 Metaspace       used 39075K, committed 39424K, reserved 1114112K
  class space    used 5105K, committed 5248K, reserved 1048576K
}
Event: 2.400 GC heap after
{Heap after GC invocations=11 (full 0):
 garbage-first heap   total 97280K, used 25394K [0x00000000a0000000, 0x0000000100000000)
  region size 1024K, 1 young (1024K), 1 survivors (1024K)
 Metaspace       used 39075K, committed 39424K, reserved 1114112K
  class space    used 5105K, committed 5248K, reserved 1048576K
}

Dll operation events (2 events):
Event: 0.003 Loaded shared library C:\Program Files\Android\Android Studio\jbr\bin\java.dll
Event: 0.239 Loaded shared library C:\Program Files\Android\Android Studio\jbr\bin\verify.dll

Deoptimization events (20 events):
Event: 2.317 Thread 0x000001f0e0ec05d0 Uncommon trap: trap_request=0xffffffc6 fr.pc=0x000001f0ccf89000 relative=0x00000000000005e0
Event: 2.317 Thread 0x000001f0e0ec05d0 Uncommon trap: reason=bimorphic_or_optimized_type_check action=maybe_recompile pc=0x000001f0ccf89000 method=java.util.stream.ReferencePipeline.forEachWithCancel(Ljava/util/Spliterator;Ljava/util/stream/Sink;)Z @ 13 c2
Event: 2.317 Thread 0x000001f0e0ec05d0 DEOPT PACKING pc=0x000001f0ccf89000 sp=0x00000087f8ff8d20
Event: 2.317 Thread 0x000001f0e0ec05d0 DEOPT UNPACKING pc=0x000001f0cc6e69a3 sp=0x00000087f8ff8cb8 mode 2
Event: 2.317 Thread 0x000001f0e0ec05d0 Uncommon trap: trap_request=0xffffffc6 fr.pc=0x000001f0ccf89000 relative=0x00000000000005e0
Event: 2.317 Thread 0x000001f0e0ec05d0 Uncommon trap: reason=bimorphic_or_optimized_type_check action=maybe_recompile pc=0x000001f0ccf89000 method=java.util.stream.ReferencePipeline.forEachWithCancel(Ljava/util/Spliterator;Ljava/util/stream/Sink;)Z @ 13 c2
Event: 2.317 Thread 0x000001f0e0ec05d0 DEOPT PACKING pc=0x000001f0ccf89000 sp=0x00000087f8ff8d20
Event: 2.317 Thread 0x000001f0e0ec05d0 DEOPT UNPACKING pc=0x000001f0cc6e69a3 sp=0x00000087f8ff8cb8 mode 2
Event: 2.320 Thread 0x000001f0e0ec05d0 Uncommon trap: trap_request=0xffffff45 fr.pc=0x000001f0ccee8d80 relative=0x00000000000000e0
Event: 2.320 Thread 0x000001f0e0ec05d0 Uncommon trap: reason=unstable_if action=reinterpret pc=0x000001f0ccee8d80 method=java.lang.ClassLoader.getClassLoadingLock(Ljava/lang/String;)Ljava/lang/Object; @ 6 c2
Event: 2.320 Thread 0x000001f0e0ec05d0 DEOPT PACKING pc=0x000001f0ccee8d80 sp=0x00000087f8ff9280
Event: 2.320 Thread 0x000001f0e0ec05d0 DEOPT UNPACKING pc=0x000001f0cc6e69a3 sp=0x00000087f8ff9220 mode 2
Event: 2.322 Thread 0x000001f0e0ec05d0 Uncommon trap: trap_request=0xffffff6e fr.pc=0x000001f0ccfb13ec relative=0x000000000000048c
Event: 2.322 Thread 0x000001f0e0ec05d0 Uncommon trap: reason=loop_limit_check action=maybe_recompile pc=0x000001f0ccfb13ec method=java.util.regex.Pattern$Start.match(Ljava/util/regex/Matcher;ILjava/lang/CharSequence;)Z @ 34 c2
Event: 2.322 Thread 0x000001f0e0ec05d0 DEOPT PACKING pc=0x000001f0ccfb13ec sp=0x00000087f8ff8fc0
Event: 2.322 Thread 0x000001f0e0ec05d0 DEOPT UNPACKING pc=0x000001f0cc6e69a3 sp=0x00000087f8ff8f00 mode 2
Event: 2.372 Thread 0x000001f0e0ec05d0 Uncommon trap: trap_request=0xffffffbe fr.pc=0x000001f0ccfa88c0 relative=0x0000000000003a60
Event: 2.372 Thread 0x000001f0e0ec05d0 Uncommon trap: reason=profile_predicate action=maybe_recompile pc=0x000001f0ccfa88c0 method=java.util.AbstractCollection.addAll(Ljava/util/Collection;)Z @ 15 c2
Event: 2.372 Thread 0x000001f0e0ec05d0 DEOPT PACKING pc=0x000001f0ccfa88c0 sp=0x00000087f8ffa800
Event: 2.372 Thread 0x000001f0e0ec05d0 DEOPT UNPACKING pc=0x000001f0cc6e69a3 sp=0x00000087f8ffa7f8 mode 2

Classes unloaded (0 events):
No events

Classes redefined (0 events):
No events

Internal exceptions (20 events):
Event: 1.904 Thread 0x000001f0e0ec05d0 Exception <a 'java/lang/NoSuchMethodError'{0x00000000a270d558}: 'java.lang.Object java.lang.invoke.Invokers$Holder.linkToTargetMethod(java.lang.Object, java.lang.Object, java.lang.Object, java.lang.Object, java.lang.Object, java.lang.Object, java.lang.Object, java.lang.Object, java.lang.Object, java.lang.Object, java.lang.Object, java.lang.Object)'> (0x00000000a270d558) 
thrown [s\src\hotspot\share\interpreter\linkResolver.cpp, line 771]
Event: 1.912 Thread 0x000001f0e0ec05d0 Exception <a 'java/lang/NoSuchMethodError'{0x00000000a27b3690}: 'java.lang.Object java.lang.invoke.DirectMethodHandle$Holder.invokeStaticInit(java.lang.Object, java.lang.Object, java.lang.Object, java.lang.Object)'> (0x00000000a27b3690) 
thrown [s\src\hotspot\share\interpreter\linkResolver.cpp, line 771]
Event: 1.965 Thread 0x000001f0e0ec05d0 Exception <a 'java/lang/NoSuchMethodError'{0x00000000ac785970}: 'java.lang.Object java.lang.invoke.DirectMethodHandle$Holder.newInvokeSpecial(java.lang.Object, java.lang.Object, java.lang.Object, java.lang.Object, java.lang.Object, java.lang.Object, java.lang.Object, java.lang.Object)'> (0x00000000ac785970) 
thrown [s\src\hotspot\share\interpreter\linkResolver.cpp, line 771]
Event: 1.965 Thread 0x000001f0e0ec05d0 Exception <a 'java/lang/NoSuchMethodError'{0x00000000ac78b750}: 'java.lang.Object java.lang.invoke.Invokers$Holder.linkToTargetMethod(java.lang.Object, java.lang.Object, java.lang.Object, java.lang.Object, java.lang.Object, java.lang.Object, java.lang.Object, java.lang.Object)'> (0x00000000ac78b750) 
thrown [s\src\hotspot\share\interpreter\linkResolver.cpp, line 771]
Event: 1.969 Thread 0x000001f0e0ec05d0 Exception <a 'java/lang/IncompatibleClassChangeError'{0x00000000ac7fb8a0}: Found class java.lang.Object, but interface was expected> (0x00000000ac7fb8a0) 
thrown [s\src\hotspot\share\interpreter\linkResolver.cpp, line 838]
Event: 2.095 Thread 0x000001f0e0ec05d0 Exception <a 'java/lang/NoSuchMethodError'{0x00000000a2dc8020}: 'void java.lang.invoke.DirectMethodHandle$Holder.invokeStaticInit(java.lang.Object, java.lang.Object, java.lang.Object)'> (0x00000000a2dc8020) 
thrown [s\src\hotspot\share\interpreter\linkResolver.cpp, line 771]
Event: 2.096 Thread 0x000001f0e0ec05d0 Exception <a 'java/lang/NoSuchMethodError'{0x00000000a2dcf520}: 'void java.lang.invoke.DirectMethodHandle$Holder.invokeStaticInit(java.lang.Object, java.lang.Object, java.lang.Object, java.lang.Object)'> (0x00000000a2dcf520) 
thrown [s\src\hotspot\share\interpreter\linkResolver.cpp, line 771]
Event: 2.097 Thread 0x000001f0e0ec05d0 Exception <a 'java/lang/NoSuchMethodError'{0x00000000a2df1bf8}: 'void java.lang.invoke.DirectMethodHandle$Holder.invokeStaticInit(java.lang.Object, java.lang.Object, java.lang.Object, java.lang.Object, java.lang.Object)'> (0x00000000a2df1bf8) 
thrown [s\src\hotspot\share\interpreter\linkResolver.cpp, line 771]
Event: 2.102 Thread 0x000001f0e0ec05d0 Exception <a 'java/lang/NoSuchMethodError'{0x00000000a2c4c160}: 'int java.lang.invoke.DirectMethodHandle$Holder.invokeStaticInit(java.lang.Object, java.lang.Object, java.lang.Object, java.lang.Object)'> (0x00000000a2c4c160) 
thrown [s\src\hotspot\share\interpreter\linkResolver.cpp, line 771]
Event: 2.236 Thread 0x000001f0e0ec05d0 Exception <a 'java/lang/ClassNotFoundException'{0x00000000ac9129e0}: groovy/lang/ExpandoMetaClassBeanInfo> (0x00000000ac9129e0) 
thrown [s\src\hotspot\share\classfile\systemDictionary.cpp, line 256]
Event: 2.236 Thread 0x000001f0e0ec05d0 Exception <a 'java/lang/ClassNotFoundException'{0x00000000ac9291d8}: groovy/lang/MetaClassImplBeanInfo> (0x00000000ac9291d8) 
thrown [s\src\hotspot\share\classfile\systemDictionary.cpp, line 256]
Event: 2.237 Thread 0x000001f0e0ec05d0 Exception <a 'java/lang/ClassNotFoundException'{0x00000000ac92e190}: java/lang/ObjectBeanInfo> (0x00000000ac92e190) 
thrown [s\src\hotspot\share\classfile\systemDictionary.cpp, line 256]
Event: 2.237 Thread 0x000001f0e0ec05d0 Exception <a 'java/lang/ClassNotFoundException'{0x00000000ac933800}: java/lang/ObjectCustomizer> (0x00000000ac933800) 
thrown [s\src\hotspot\share\classfile\systemDictionary.cpp, line 256]
Event: 2.239 Thread 0x000001f0e0ec05d0 Exception <a 'java/lang/IncompatibleClassChangeError'{0x00000000ac938228}: Found class java.lang.Object, but interface was expected> (0x00000000ac938228) 
thrown [s\src\hotspot\share\interpreter\linkResolver.cpp, line 838]
Event: 2.241 Thread 0x000001f0e0ec05d0 Exception <a 'java/lang/ClassNotFoundException'{0x00000000ac9539e0}: groovy/lang/MetaClassImplCustomizer> (0x00000000ac9539e0) 
thrown [s\src\hotspot\share\classfile\systemDictionary.cpp, line 256]
Event: 2.243 Thread 0x000001f0e0ec05d0 Exception <a 'java/lang/ClassNotFoundException'{0x00000000ac988ee8}: groovy/lang/ExpandoMetaClassCustomizer> (0x00000000ac988ee8) 
thrown [s\src\hotspot\share\classfile\systemDictionary.cpp, line 256]
Event: 2.370 Thread 0x000001f0e0ec05d0 Exception <a 'java/lang/ClassNotFoundException'{0x00000000a2797280}: org/gradle/internal/extensibility/DefaultExtraPropertiesExtensionBeanInfo> (0x00000000a2797280) 
thrown [s\src\hotspot\share\classfile\systemDictionary.cpp, line 256]
Event: 2.371 Thread 0x000001f0e0ec05d0 Exception <a 'java/lang/ClassNotFoundException'{0x00000000a27adb08}: groovy/lang/GroovyObjectSupportBeanInfo> (0x00000000a27adb08) 
thrown [s\src\hotspot\share\classfile\systemDictionary.cpp, line 256]
Event: 2.371 Thread 0x000001f0e0ec05d0 Exception <a 'java/lang/ClassNotFoundException'{0x00000000a27c43a8}: groovy/lang/GroovyObjectSupportCustomizer> (0x00000000a27c43a8) 
thrown [s\src\hotspot\share\classfile\systemDictionary.cpp, line 256]
Event: 2.372 Thread 0x000001f0e0ec05d0 Exception <a 'java/lang/ClassNotFoundException'{0x00000000a27dcd00}: org/gradle/internal/extensibility/DefaultExtraPropertiesExtensionCustomizer> (0x00000000a27dcd00) 
thrown [s\src\hotspot\share\classfile\systemDictionary.cpp, line 256]

VM Operations (20 events):
Event: 2.168 Executing VM operation: CollectForMetadataAllocation
Event: 2.168 Executing VM operation: CollectForMetadataAllocation done
Event: 2.171 Executing VM operation: G1PauseRemark
Event: 2.189 Executing VM operation: G1PauseRemark done
Event: 2.191 Executing VM operation: G1PauseCleanup
Event: 2.204 Executing VM operation: G1PauseCleanup done
Event: 2.204 Executing VM operation: HandshakeAllThreads
Event: 2.204 Executing VM operation: HandshakeAllThreads done
Event: 2.279 Executing VM operation: HandshakeAllThreads
Event: 2.279 Executing VM operation: HandshakeAllThreads done
Event: 2.279 Executing VM operation: HandshakeAllThreads
Event: 2.279 Executing VM operation: HandshakeAllThreads done
Event: 2.282 Executing VM operation: HandshakeAllThreads
Event: 2.282 Executing VM operation: HandshakeAllThreads done
Event: 2.326 Executing VM operation: HandshakeAllThreads
Event: 2.326 Executing VM operation: HandshakeAllThreads done
Event: 2.375 Executing VM operation: G1CollectForAllocation
Event: 2.377 Executing VM operation: G1CollectForAllocation done
Event: 2.399 Executing VM operation: G1CollectForAllocation
Event: 2.401 Executing VM operation: G1CollectForAllocation done

Events (20 events):
Event: 2.326 loading class jdk/internal/jrtfs/JrtFileAttributes done
Event: 2.326 loading class jdk/internal/jrtfs/JrtDirectoryStream
Event: 2.327 loading class jdk/internal/jrtfs/JrtDirectoryStream done
Event: 2.327 loading class jdk/internal/jrtfs/JrtDirectoryStream$1
Event: 2.327 loading class jdk/internal/jrtfs/JrtDirectoryStream$1 done
Event: 2.327 loading class java/util/function/BooleanSupplier
Event: 2.327 loading class java/util/function/BooleanSupplier done
Event: 2.328 loading class jdk/internal/jimage/ImageReader$Resource
Event: 2.328 loading class jdk/internal/jimage/ImageReader$Resource done
Event: 2.346 Thread 0x000001f0e2391de0 Thread added: 0x000001f0e2391de0
Event: 2.368 loading class java/util/WeakHashMap$KeyIterator
Event: 2.368 loading class java/util/WeakHashMap$HashIterator
Event: 2.368 loading class java/util/WeakHashMap$HashIterator done
Event: 2.368 loading class java/util/WeakHashMap$KeyIterator done
Event: 2.384 loading class java/io/StringReader
Event: 2.384 loading class java/io/StringReader done
Event: 2.390 loading class java/lang/StrictMath
Event: 2.390 loading class java/lang/StrictMath done
Event: 2.390 loading class java/math/MutableBigInteger
Event: 2.392 loading class java/math/MutableBigInteger done


Dynamic libraries:
0x00007ff6ebcc0000 - 0x00007ff6ebcca000 	C:\Program Files\Android\Android Studio\jbr\bin\java.exe
0x00007fffbd3d0000 - 0x00007fffbd5c8000 	C:\Windows\SYSTEM32\ntdll.dll
0x00007fffbbef0000 - 0x00007fffbbfad000 	C:\Windows\System32\KERNEL32.DLL
0x00007fffbafa0000 - 0x00007fffbb296000 	C:\Windows\System32\KERNELBASE.dll
0x00007fffb7ce0000 - 0x00007fffb7d70000 	C:\Windows\SYSTEM32\apphelp.dll
0x00007fffbaea0000 - 0x00007fffbafa0000 	C:\Windows\System32\ucrtbase.dll
0x00007fffa1600000 - 0x00007fffa161b000 	C:\Program Files\Android\Android Studio\jbr\bin\VCRUNTIME140.dll
0x00007fff94f50000 - 0x00007fff94f67000 	C:\Program Files\Android\Android Studio\jbr\bin\jli.dll
0x00007fffbc2d0000 - 0x00007fffbc46f000 	C:\Windows\System32\USER32.dll
0x00007fff9fd00000 - 0x00007fff9ff9a000 	C:\Windows\WinSxS\amd64_microsoft.windows.common-controls_6595b64144ccf1df_6.0.19041.4355_none_60b8b9eb71f62e16\COMCTL32.dll
0x00007fffbb340000 - 0x00007fffbb362000 	C:\Windows\System32\win32u.dll
0x00007fffbc7d0000 - 0x00007fffbc86e000 	C:\Windows\System32\msvcrt.dll
0x00007fffbbdf0000 - 0x00007fffbbe1b000 	C:\Windows\System32\GDI32.dll
0x00007fffbac20000 - 0x00007fffbad37000 	C:\Windows\System32\gdi32full.dll
0x00007fffbb370000 - 0x00007fffbb40d000 	C:\Windows\System32\msvcp_win.dll
0x00007fffbb5a0000 - 0x00007fffbb5cf000 	C:\Windows\System32\IMM32.DLL
0x00007fffa15e0000 - 0x00007fffa15ec000 	C:\Program Files\Android\Android Studio\jbr\bin\vcruntime140_1.dll
0x00007fff98b90000 - 0x00007fff98c1d000 	C:\Program Files\Android\Android Studio\jbr\bin\msvcp140.dll
0x00007fff37b70000 - 0x00007fff387f3000 	C:\Program Files\Android\Android Studio\jbr\bin\server\jvm.dll
0x00007fffbc090000 - 0x00007fffbc140000 	C:\Windows\System32\ADVAPI32.dll
0x00007fffbbff0000 - 0x00007fffbc090000 	C:\Windows\System32\sechost.dll
0x00007fffbb470000 - 0x00007fffbb593000 	C:\Windows\System32\RPCRT4.dll
0x00007fffbb2a0000 - 0x00007fffbb2c7000 	C:\Windows\System32\bcrypt.dll
0x00007fffafeb0000 - 0x00007fffafeb9000 	C:\Windows\SYSTEM32\WSOCK32.dll
0x00007fffba830000 - 0x00007fffba87b000 	C:\Windows\SYSTEM32\POWRPROF.dll
0x00007fffbc260000 - 0x00007fffbc2cb000 	C:\Windows\System32\WS2_32.dll
0x00007fffb2580000 - 0x00007fffb25a7000 	C:\Windows\SYSTEM32\WINMM.dll
0x00007fffb28d0000 - 0x00007fffb28da000 	C:\Windows\SYSTEM32\VERSION.dll
0x00007fffba810000 - 0x00007fffba822000 	C:\Windows\SYSTEM32\UMPDC.dll
0x00007fffb88f0000 - 0x00007fffb8902000 	C:\Windows\SYSTEM32\kernel.appcore.dll
0x00007fffaf830000 - 0x00007fffaf83a000 	C:\Program Files\Android\Android Studio\jbr\bin\jimage.dll
0x00007fffb7af0000 - 0x00007fffb7cd4000 	C:\Windows\SYSTEM32\DBGHELP.DLL
0x00007fffb6fd0000 - 0x00007fffb7004000 	C:\Windows\SYSTEM32\dbgcore.DLL
0x00007fffbaae0000 - 0x00007fffbab62000 	C:\Windows\System32\bcryptPrimitives.dll
0x00007fff9e9a0000 - 0x00007fff9e9c5000 	C:\Program Files\Android\Android Studio\jbr\bin\java.dll
0x00007fff9fb00000 - 0x00007fff9fb18000 	C:\Program Files\Android\Android Studio\jbr\bin\zip.dll
0x00007fffbb680000 - 0x00007fffbbdec000 	C:\Windows\System32\SHELL32.dll
0x00007fffb8af0000 - 0x00007fffb928d000 	C:\Windows\SYSTEM32\windows.storage.dll
0x00007fffbcf70000 - 0x00007fffbd2c3000 	C:\Windows\System32\combase.dll
0x00007fffba300000 - 0x00007fffba32e000 	C:\Windows\SYSTEM32\Wldp.dll
0x00007fffbbe20000 - 0x00007fffbbeed000 	C:\Windows\System32\OLEAUT32.dll
0x00007fffbb5d0000 - 0x00007fffbb67d000 	C:\Windows\System32\SHCORE.dll
0x00007fffbcdc0000 - 0x00007fffbce15000 	C:\Windows\System32\shlwapi.dll
0x00007fffba9c0000 - 0x00007fffba9e4000 	C:\Windows\SYSTEM32\profapi.dll
0x00007fff99ce0000 - 0x00007fff99cf9000 	C:\Program Files\Android\Android Studio\jbr\bin\net.dll
0x00007fffb4ad0000 - 0x00007fffb4bda000 	C:\Windows\SYSTEM32\WINHTTP.dll
0x00007fffba0e0000 - 0x00007fffba14a000 	C:\Windows\system32\mswsock.dll
0x00007fff99b00000 - 0x00007fff99b16000 	C:\Program Files\Android\Android Studio\jbr\bin\nio.dll
0x00007fffab3a0000 - 0x00007fffab3b0000 	C:\Program Files\Android\Android Studio\jbr\bin\verify.dll
0x00007fffb0500000 - 0x00007fffb0527000 	C:\Users\Usuario\.gradle\native\e1d6ef7f7dcc3fd88c89a11ec53ec762bb8ba0a96d01ffa2cd45eb1d1d8dd5c5\windows-amd64\native-platform.dll
0x00007fff97d20000 - 0x00007fff97e64000 	C:\Users\Usuario\.gradle\native\0d407fdbe67a94daf76414ababcb853783967236a71b16ec16e742cd7a986fd3\windows-amd64\native-platform-file-events.dll
0x00007fffa48d0000 - 0x00007fffa48d9000 	C:\Program Files\Android\Android Studio\jbr\bin\management.dll
0x00007fffa47b0000 - 0x00007fffa47bb000 	C:\Program Files\Android\Android Studio\jbr\bin\management_ext.dll
0x00007fffbd380000 - 0x00007fffbd388000 	C:\Windows\System32\PSAPI.DLL
0x00007fffba380000 - 0x00007fffba398000 	C:\Windows\SYSTEM32\CRYPTSP.dll
0x00007fffb9a20000 - 0x00007fffb9a54000 	C:\Windows\system32\rsaenh.dll
0x00007fffba970000 - 0x00007fffba99e000 	C:\Windows\SYSTEM32\USERENV.dll
0x00007fffba270000 - 0x00007fffba27c000 	C:\Windows\SYSTEM32\CRYPTBASE.dll
0x00007fffb9de0000 - 0x00007fffb9e1b000 	C:\Windows\SYSTEM32\IPHLPAPI.DLL
0x00007fffbbfd0000 - 0x00007fffbbfd8000 	C:\Windows\System32\NSI.dll
0x00007fffb46f0000 - 0x00007fffb4707000 	C:\Windows\SYSTEM32\dhcpcsvc6.DLL
0x00007fffb46d0000 - 0x00007fffb46ed000 	C:\Windows\SYSTEM32\dhcpcsvc.DLL
0x00007fffb9e20000 - 0x00007fffb9eea000 	C:\Windows\SYSTEM32\DNSAPI.dll
0x00007fffa6be0000 - 0x00007fffa6be9000 	C:\Program Files\Android\Android Studio\jbr\bin\extnet.dll
0x00007fffa7170000 - 0x00007fffa7177000 	C:\Windows\system32\wshunix.dll

dbghelp: loaded successfully - version: 4.0.5 - missing functions: none
symbol engine: initialized successfully - sym options: 0x614 - pdb path: .;C:\Program Files\Android\Android Studio\jbr\bin;C:\Windows\SYSTEM32;C:\Windows\WinSxS\amd64_microsoft.windows.common-controls_6595b64144ccf1df_6.0.19041.4355_none_60b8b9eb71f62e16;C:\Program Files\Android\Android Studio\jbr\bin\server;C:\Users\Usuario\.gradle\native\e1d6ef7f7dcc3fd88c89a11ec53ec762bb8ba0a96d01ffa2cd45eb1d1d8dd5c5\windows-amd64;C:\Users\Usuario\.gradle\native\0d407fdbe67a94daf76414ababcb853783967236a71b16ec16e742cd7a986fd3\windows-amd64

VM Arguments:
jvm_args: --add-opens=java.base/java.util=ALL-UNNAMED --add-opens=java.base/java.lang=ALL-UNNAMED --add-opens=java.base/java.lang.invoke=ALL-UNNAMED --add-opens=java.base/java.util=ALL-UNNAMED --add-opens=java.prefs/java.util.prefs=ALL-UNNAMED --add-opens=java.prefs/java.util.prefs=ALL-UNNAMED --add-opens=java.base/java.nio.charset=ALL-UNNAMED --add-opens=java.base/java.net=ALL-UNNAMED --add-opens=java.base/java.util.concurrent.atomic=ALL-UNNAMED -Xmx1536M -Dfile.encoding=windows-1252 -Duser.country=AR -Duser.language=es -Duser.variant 
java_command: org.gradle.launcher.daemon.bootstrap.GradleDaemon 7.5
java_class_path (initial): C:\Users\Usuario\.gradle\wrapper\dists\gradle-7.5-all\6qsw290k5lz422uaf8jf6m7co\gradle-7.5\lib\gradle-launcher-7.5.jar
Launcher Type: SUN_STANDARD

[Global flags]
     intx CICompilerCount                          = 12                                        {product} {ergonomic}
     uint ConcGCThreads                            = 3                                         {product} {ergonomic}
     uint G1ConcRefinementThreads                  = 13                                        {product} {ergonomic}
   size_t G1HeapRegionSize                         = 1048576                                   {product} {ergonomic}
    uintx GCDrainStackTargetSize                   = 64                                        {product} {ergonomic}
   size_t InitialHeapSize                          = 257949696                                 {product} {ergonomic}
   size_t MarkStackSize                            = 4194304                                   {product} {ergonomic}
   size_t MaxHeapSize                              = 1610612736                                {product} {command line}
   size_t MaxNewSize                               = 965738496                                 {product} {ergonomic}
   size_t MinHeapDeltaBytes                        = 1048576                                   {product} {ergonomic}
   size_t MinHeapSize                              = 8388608                                   {product} {ergonomic}
    uintx NonNMethodCodeHeapSize                   = 7602480                                {pd product} {ergonomic}
    uintx NonProfiledCodeHeapSize                  = 122027880                              {pd product} {ergonomic}
    uintx ProfiledCodeHeapSize                     = 122027880                              {pd product} {ergonomic}
    uintx ReservedCodeCacheSize                    = 251658240                              {pd product} {ergonomic}
     bool SegmentedCodeCache                       = true                                      {product} {ergonomic}
   size_t SoftMaxHeapSize                          = 1610612736                             {manageable} {ergonomic}
     bool UseCompressedClassPointers               = true                           {product lp64_product} {ergonomic}
     bool UseCompressedOops                        = true                           {product lp64_product} {ergonomic}
     bool UseG1GC                                  = true                                      {product} {ergonomic}
     bool UseLargePagesIndividualAllocation        = false                                  {pd product} {ergonomic}

Logging:
Log output configuration:
 #0: stdout all=warning uptime,level,tags
 #1: stderr all=off uptime,level,tags

Environment Variables:
JAVA_HOME=C:\Program Files\Android\Android Studio\jbr
CLASSPATH=C:\Proyectos\Hello-World\android\\gradle\wrapper\gradle-wrapper.jar
PATH=C:\Program Files\Android\Android Studio\jbr\bin;C:\Program Files\Common Files\Oracle\Java\javapath;C:\Program Files (x86)\Common Files\Oracle\Java\java8path;C:\Program Files (x86)\Common Files\Oracle\Java\javapath;C:\ProgramData\Oracle\Java\javapath;C:\Windows\system32;C:\Windows;C:\Windows\System32\Wbem;C:\Windows\System32\WindowsPowerShell\v1.0\;C:\Windows\System32\OpenSSH\;C:\Program Files\Git\cmd;C:\Program Files (x86)\Yarn\bin\;C:\Program Files\nodejs\;C:\Program Files (x86)\NVIDIA Corporation\PhysX\Common;C:\Program Files\Erlang OTP\bin;C:\Users\Usuario\Downloads\Compressed\apache-maven-3.9.2\bin;C:\xampp\php;C:\composer;C:\Program Files\dotnet\;C:\Users\Usuario\AppData\Local\Programs\Python\Python312\Scripts\;C:\Users\Usuario\AppData\Local\Programs\Python\Python312\;C:\Users\Usuario\AppData\Local\Microsoft\WindowsApps;C:\Users\Usuario\AppData\Local\Yarn\bin;C:\Users\Usuario\AppData\Roaming\npm;C:\Users\Usuario\AppData\Local\Programs\Microsoft VS Code\bin;C:\SQLITE\sqlite-tools-win32-x86-3420000;C:\Program Files\JetBrains\PyCharm 2023.3.2\bin;;C:\Program Files\JetBrains\PyCharm Community Edition 2023.3.2\bin;;C:\Users\Usuario\AppData\Roaming\Composer\vendor\bin;C:\Users\Usuario\.dotnet\tools;C:\Users\Usuario\Downloads\Compressed\flutter\bin;C:\flutter\bin;;C:\flutter\bin\mingit\cmd;C:\flutter\bin\mingit\cmd
USERNAME=Usuario
OS=Windows_NT
PROCESSOR_IDENTIFIER=AMD64 Family 25 Model 80 Stepping 0, AuthenticAMD
TMP=C:\Users\Usuario\AppData\Local\Temp
TEMP=C:\Users\Usuario\AppData\Local\Temp



Periodic native trim disabled

JNI global refs:
JNI global refs: 31, weak refs: 0

JNI global refs memory usage: 843, weak refs: 841

OOME stack traces (most recent first):
Classloader memory used:
Loader bootstrap                                                                       : 2267K
Loader org.gradle.internal.classloader.VisitableURLClassLoader                         : 2261K
Loader org.gradle.initialization.MixInLegacyTypesClassLoader                           : 377K
Loader jdk.internal.loader.ClassLoaders$PlatformClassLoader                            : 70118B
Loader jdk.internal.loader.ClassLoaders$AppClassLoader                                 : 25676B
Loader jdk.internal.reflect.DelegatingClassLoader                                      : 2700B

Classes loaded by more than one classloader:
Class org.gradle.internal.installation.GradleInstallation                             : loaded 2 times (x 73B)
Class org.gradle.internal.classpath.ClassPath                                         : loaded 2 times (x 68B)
Class org.gradle.api.internal.classpath.DefaultModuleRegistry                         : loaded 2 times (x 84B)
Class org.gradle.api.Action                                                           : loaded 2 times (x 68B)
Class org.gradle.api.internal.DefaultClassPathProvider                                : loaded 2 times (x 74B)
Class org.gradle.internal.installation.GradleInstallation$1                           : loaded 2 times (x 73B)
Class org.gradle.internal.classloader.FilteringClassLoader                            : loaded 2 times (x 103B)
Class org.gradle.internal.classpath.DefaultClassPath$ImmutableUniqueList$Builder      : loaded 2 times (x 73B)
Class org.gradle.internal.classloader.ClassLoaderVisitor                              : loaded 2 times (x 74B)
Class org.gradle.internal.service.DefaultServiceLocator                               : loaded 2 times (x 81B)
Class org.gradle.internal.service.UnknownServiceException                             : loaded 2 times (x 81B)
Class org.gradle.internal.classloader.DefaultClassLoaderFactory                       : loaded 2 times (x 80B)
Class org.gradle.internal.classloader.VisitableURLClassLoader$Spec                    : loaded 2 times (x 72B)
Class org.gradle.api.GradleException                                                  : loaded 2 times (x 80B)
Class org.gradle.api.internal.classpath.ModuleRegistry                                : loaded 2 times (x 68B)
Class org.gradle.api.internal.ClassPathProvider                                       : loaded 2 times (x 68B)
Class org.gradle.internal.classloader.ClasspathUtil$1                                 : loaded 2 times (x 74B)
Class org.gradle.internal.classloader.ClassLoaderFactory                              : loaded 2 times (x 68B)
Class org.gradle.api.internal.classpath.ManifestUtil                                  : loaded 2 times (x 69B)
Class org.gradle.api.specs.Spec                                                       : loaded 2 times (x 68B)
Class org.gradle.internal.IoActions                                                   : loaded 2 times (x 69B)
Class org.gradle.api.internal.classpath.EffectiveClassPath                            : loaded 2 times (x 88B)
Class org.gradle.internal.installation.CurrentGradleInstallation                      : loaded 2 times (x 71B)
Class org.gradle.internal.installation.CurrentGradleInstallationLocator               : loaded 2 times (x 69B)
Class org.gradle.api.internal.classpath.Module                                        : loaded 2 times (x 68B)
Class org.gradle.internal.service.CachingServiceLocator                               : loaded 2 times (x 80B)
Class org.gradle.internal.classpath.DefaultClassPath                                  : loaded 2 times (x 88B)
Class org.gradle.api.Transformer                                                      : loaded 2 times (x 68B)
Class org.gradle.internal.classloader.SystemClassLoaderSpec                           : loaded 2 times (x 69B)
Class org.gradle.api.UncheckedIOException                                             : loaded 2 times (x 80B)
Class org.gradle.internal.classloader.ClasspathUtil                                   : loaded 2 times (x 69B)
Class org.gradle.api.internal.DefaultClassPathRegistry                                : loaded 2 times (x 74B)
Class org.gradle.api.internal.classpath.DefaultModuleRegistry$DefaultModule           : loaded 2 times (x 84B)
Class org.gradle.api.internal.classpath.UnknownModuleException                        : loaded 2 times (x 80B)
Class org.gradle.internal.service.ServiceLookupException                              : loaded 2 times (x 80B)
Class org.gradle.cache.GlobalCache                                                    : loaded 2 times (x 68B)
Class [Lorg.gradle.api.internal.ClassPathProvider;                                    : loaded 2 times (x 67B)
Class org.gradle.util.internal.GUtil                                                  : loaded 2 times (x 69B)
Class org.gradle.internal.classloader.ClassLoaderSpec                                 : loaded 2 times (x 69B)
Class org.gradle.internal.classloader.VisitableURLClassLoader                         : loaded 2 times (x 115B)
Class org.gradle.internal.Cast                                                        : loaded 2 times (x 69B)
Class org.gradle.api.internal.ClassPathRegistry                                       : loaded 2 times (x 68B)
Class org.gradle.internal.classloader.ClassLoaderHierarchy                            : loaded 2 times (x 68B)
Class org.gradle.internal.service.ServiceLocator                                      : loaded 2 times (x 68B)
Class org.gradle.internal.classpath.DefaultClassPath$ImmutableUniqueList              : loaded 2 times (x 159B)


---------------  S Y S T E M  ---------------

OS:
 Windows 10 , 64 bit Build 19041 (10.0.19041.3636)
OS uptime: 5 days 23:20 hours
Hyper-V role detected

CPU: total 16 (initial active 16) (16 cores per cpu, 2 threads per core) family 25 model 80 stepping 0 microcode 0x0, cx8, cmov, fxsr, ht, mmx, 3dnowpref, sse, sse2, sse3, ssse3, sse4a, sse4.1, sse4.2, popcnt, lzcnt, tsc, tscinvbit, avx, avx2, aes, erms, clmul, bmi1, bmi2, adx, sha, fma, vzeroupper, clflush, clflushopt, hv
Processor Information for all 16 processors :
  Max Mhz: 3801, Current Mhz: 3801, Mhz Limit: 3801

Memory: 4k page, system-wide physical 15741M (1420M free)
TotalPageFile size 19628M (AvailPageFile size 5M)
current process WorkingSet (physical memory assigned to process): 235M, peak: 235M
current process commit charge ("private bytes"): 310M, peak: 401M

vm_info: OpenJDK 64-Bit Server VM (17.0.10+0--11572160) for windows-amd64 JRE (17.0.10+0--11572160), built on Mar 13 2024 23:56:38 by "androidbuild" with MS VC++ 16.10 / 16.11 (VS2019)

END.
